<?xml version="1.0" encoding="UTF-8"?>
<!-- Generated by org.testng.reporters.JUnitReportReporter -->
<testsuite hostname="DESKTOP-I3EPC00" failures="0" tests="6" name="com.reqers.testcases.GET_SingleUserNotFounf_TestCase" time="0.020" errors="0" timestamp="2024-05-13T12:40:39 IST" skipped="0">
  <testcase classname="com.reqers.testcases.GET_SingleUserNotFounf_TestCase" name="checkResponseTime" time="0.003">
    <system-out>
      <![CDATA[Response Time is => 449
Response Time is < 2000 ]]>
    </system-out>
  </testcase> <!-- checkResponseTime -->
  <testcase classname="com.reqers.testcases.GET_SingleUserNotFounf_TestCase" name="checkContentType" time="0.002">
    <system-out>
      <![CDATA[Content Type is => application/json; charset=utf-8]]>
    </system-out>
  </testcase> <!-- checkContentType -->
  <testcase classname="com.reqers.testcases.GET_SingleUserNotFounf_TestCase" name="checkServerType" time="0.006">
    <system-out>
      <![CDATA[Server Type is => cloudflare]]>
    </system-out>
  </testcase> <!-- checkServerType -->
  <testcase classname="com.reqers.testcases.GET_SingleUserNotFounf_TestCase" name="checkStatusLine" time="0.004">
    <system-out>
      <![CDATA[Status Line is => HTTP/1.1 404 Not Found]]>
    </system-out>
  </testcase> <!-- checkStatusLine -->
  <testcase classname="com.reqers.testcases.GET_SingleUserNotFounf_TestCase" name="checkResponseBody" time="0.004">
    <system-out>
      <![CDATA[Response Body is => io.restassured.internal.RestAssuredResponseImpl@251c4280]]>
    </system-out>
  </testcase> <!-- checkResponseBody -->
  <testcase classname="com.reqers.testcases.GET_SingleUserNotFounf_TestCase" name="checkStatusCode" time="0.001">
    <system-out>
      <![CDATA[Status Code is => 404]]>
    </system-out>
  </testcase> <!-- checkStatusCode -->
  <system-out>
    <![CDATA[Response Body is => io.restassured.internal.RestAssuredResponseImpl@63f855b
Status Code is => 404
Status Line is => HTTP/1.1 404 Not Found
Response Body is => io.restassured.internal.RestAssuredResponseImpl@7fad214a
Status Code is => 200
Status Line is => HTTP/1.1 200 OK
Response Body is => io.restassured.internal.RestAssuredResponseImpl@3443e476
Status Code is => 200
Status Line is => HTTP/1.1 200 OK
Content Type is => application/json; charset=utf-8
Response Body is => io.restassured.internal.RestAssuredResponseImpl@3e377967
Response Time is => 137
Response Time is < 2000 
Server Type is => cloudflare
Status Code is => 200
Status Line is => HTTP/1.1 200 OK
Response Body is => io.restassured.internal.RestAssuredResponseImpl@9accff0
Status Code is => 200
Status Line is => HTTP/1.1 200 OK
Content Type is => application/json
Response Body is => io.restassured.internal.RestAssuredResponseImpl@4c6a4ffd
Response Time is => 1468
Server Type is => nginx/1.21.6
Status Code is => 200
Status Line is => HTTP/1.1 200 OK
Content Type is => application/json; charset=utf-8
Response Body is => io.restassured.internal.RestAssuredResponseImpl@5042e3d0
Response Time is => 164
Response Time is < 2000 
Server Type is => cloudflare
Status Code is => 200
Status Line is => HTTP/1.1 200 OK
Response Body is => io.restassured.internal.RestAssuredResponseImpl@62a54948
Status Code is => 201
Status Line is => HTTP/1.1 201 Created
Content Type is => application/json; charset=utf-8
Response Body is => io.restassured.internal.RestAssuredResponseImpl@251c4280
Response Time is => 449
Response Time is < 2000 
Server Type is => cloudflare
Status Code is => 404
Status Line is => HTTP/1.1 404 Not Found
Response Body is => io.restassured.internal.RestAssuredResponseImpl@4877919f
Status Code is => 200
Status Line is => HTTP/1.1 200 OK
Response Body is => io.restassured.internal.RestAssuredResponseImpl@49c099b
Status Code is => 400
Status Line is => HTTP/1.1 400 Bad Request]]>
  </system-out>
</testsuite> <!-- com.reqers.testcases.GET_SingleUserNotFounf_TestCase -->
